<?xml version="1.0" encoding="UTF-8"?>
<testsuite name="ContactsTest" tests="1" skipped="0" failures="0" errors="0" timestamp="2020-11-16T21:37:47" hostname="finntroll" time="0.358">
  <properties/>
  <testcase name="start" classname="ContactsTest" time="0.358"/>
  <system-out><![CDATA[?[1;31m
Start test 1?[0m
Enter action (add, list, search, count, exit): 
> exit
?[1;31m
Start test 2?[0m
Enter action (add, list, search, count, exit): 
> count
The Phone Book has 0 records.

Enter action (add, list, search, count, exit): 
> exit
?[1;31m
Start test 3?[0m
Enter action (add, list, search, count, exit): 
> add
Enter the type (person, organization): > person
Enter the name: > John
Enter the surname: > Smith
Enter the birth date: > 
Bad birth date!
Enter the gender (M, F): > 
Bad gender!
Enter the number: > 123 456 789
A record added!

Enter action (add, list, search, count, exit): 
> count
The Phone Book has 1 records.

Enter action (add, list, search, count, exit): 
> exit
?[1;31m
Start test 4?[0m
Enter action (add, list, search, count, exit): 
> add
Enter the type (person, organization): > person
Enter the name: > John
Enter the surname: > Smith
Enter the birth date: > 
Bad birth date!
Enter the gender (M, F): > 
Bad gender!
Enter the number: > 123 456 789
A record added!

Enter action (add, list, search, count, exit): 
> list
1. John Smith

[list] Enter action ([number], back): > 1
Name: John
Surname: Smith
Birth date: [no data]
Gender: [no data]
Number: 123 456 789
Time created: 2020-11-17T00:37
Time last edit: 2020-11-17T00:37

[record] Enter action (edit, delete, menu): > menu

Enter action (add, list, search, count, exit): 
> exit
?[1;31m
Start test 5?[0m
Enter action (add, list, search, count, exit): 
> add
Enter the type (person, organization): > organization
Enter the organization name: > Pizza Shop
Enter the address: > Wall St. 1
Enter the number: > +0 (123) 456-789-9999
A record added!

Enter action (add, list, search, count, exit): 
> list
1. Pizza Shop

[list] Enter action ([number], back): > 1
Organization name: Pizza Shop
Address: Wall St. 1
Number: +0 (123) 456-789-9999
Time created: 2020-11-17T00:37
Time last edit: 2020-11-17T00:37

[record] Enter action (edit, delete, menu): > menu

Enter action (add, list, search, count, exit): 
> exit
?[1;31m
Start test 6?[0m
Enter action (add, list, search, count, exit): 
> add
Enter the type (person, organization): > person
Enter the name: > John
Enter the surname: > Smith
Enter the birth date: > 
Bad birth date!
Enter the gender (M, F): > 
Bad gender!
Enter the number: > 123 456 789
A record added!

Enter action (add, list, search, count, exit): 
> list
1. John Smith

[list] Enter action ([number], back): > 1
Name: John
Surname: Smith
Birth date: [no data]
Gender: [no data]
Number: 123 456 789
Time created: 2020-11-17T00:37
Time last edit: 2020-11-17T00:37

[record] Enter action (edit, delete, menu): > edit
Select a field (name, surname, number): > gender
Enter gender: > M
Saved
Name: John
Surname: Smith
Birth date: [no data]
Gender: M
Number: 123 456 789
Time created: 2020-11-17T00:37
Time last edit: 2020-11-17T00:37

[record] Enter action (edit, delete, menu): > menu

Enter action (add, list, search, count, exit): 
> list
1. John Smith

[list] Enter action ([number], back): > 1
Name: John
Surname: Smith
Birth date: [no data]
Gender: M
Number: 123 456 789
Time created: 2020-11-17T00:37
Time last edit: 2020-11-17T00:37

[record] Enter action (edit, delete, menu): > menu

Enter action (add, list, search, count, exit): 
> exit
?[1;31m
Start test 7?[0m
Enter action (add, list, search, count, exit): 
> add
Enter the type (person, organization): > organization
Enter the organization name: > Pizza Shop
Enter the address: > Wall St. 1
Enter the number: > +0 (123) 456-789-9999
A record added!

Enter action (add, list, search, count, exit): 
> list
1. Pizza Shop

[list] Enter action ([number], back): > 1
Organization name: Pizza Shop
Address: Wall St. 1
Number: +0 (123) 456-789-9999
Time created: 2020-11-17T00:37
Time last edit: 2020-11-17T00:37

[record] Enter action (edit, delete, menu): > edit
Select a field (name, address, number): > address
Enter the address: > Wall St 2
Saved
Organization name: Pizza Shop
Address: Wall St 2
Number: +0 (123) 456-789-9999
Time created: 2020-11-17T00:37
Time last edit: 2020-11-17T00:37

[record] Enter action (edit, delete, menu): > menu

Enter action (add, list, search, count, exit): 
> list
1. Pizza Shop

[list] Enter action ([number], back): > 1
Organization name: Pizza Shop
Address: Wall St 2
Number: +0 (123) 456-789-9999
Time created: 2020-11-17T00:37
Time last edit: 2020-11-17T00:37

[record] Enter action (edit, delete, menu): > menu

Enter action (add, list, search, count, exit): 
> exit
?[1;31m
Start test 8?[0m
Enter action (add, list, search, count, exit): 
> add
Enter the type (person, organization): > organization
Enter the organization name: > Pizza Shop
Enter the address: > Wall St. 1
Enter the number: > +0 (123) 456-789-9999
A record added!

Enter action (add, list, search, count, exit): 
> add
Enter the type (person, organization): > person
Enter the name: > John
Enter the surname: > Smith
Enter the birth date: > 
Bad birth date!
Enter the gender (M, F): > 
Bad gender!
Enter the number: > 123 456 789
A record added!

Enter action (add, list, search, count, exit): 
> add
Enter the type (person, organization): > organization
Enter the organization name: > PizzaNuts
Enter the address: > Wall St. 6
Enter the number: > +0 (123) 456-789-9999
A record added!

Enter action (add, list, search, count, exit): 
> search
Enter search query: > pizz
Found 2 results:
1. Pizza Shop
2. PizzaNuts

Enter action (add, list, search, count, exit): 
> 1
Enter action (add, list, search, count, exit): 
> menu
Enter action (add, list, search, count, exit): 
> exit
?[1;31m
Start test 9?[0m
Enter action (add, list, search, count, exit): 
> add
Enter the type (person, organization): > organization
Enter the organization name: > Pizza Shop
Enter the address: > Wall St. 1
Enter the number: > +0 (123) 456-789-9999
A record added!

Enter action (add, list, search, count, exit): 
> add
Enter the type (person, organization): > person
Enter the name: > John
Enter the surname: > Smith
Enter the birth date: > 
Bad birth date!
Enter the gender (M, F): > 
Bad gender!
Enter the number: > 123 456 789
A record added!

Enter action (add, list, search, count, exit): 
> add
Enter the type (person, organization): > organization
Enter the organization name: > PizzaNuts
Enter the address: > Wall St. 6
Enter the number: > +0 (123) 456-789-9999
A record added!

Enter action (add, list, search, count, exit): 
> search
Enter search query: > s
Found 3 results:
1. Pizza Shop
2. John Smith
3. PizzaNuts

Enter action (add, list, search, count, exit): 
> 1
Enter action (add, list, search, count, exit): 
> menu
Enter action (add, list, search, count, exit): 
> exit
?[1;31m
Start test 10?[0m
Enter action (add, list, search, count, exit): 
> add
Enter the type (person, organization): > organization
Enter the organization name: > Pizza Shop
Enter the address: > Wall St. 1
Enter the number: > +0 (123) 456-789-9999
A record added!

Enter action (add, list, search, count, exit): 
> add
Enter the type (person, organization): > person
Enter the name: > John
Enter the surname: > Smith
Enter the birth date: > 
Bad birth date!
Enter the gender (M, F): > 
Bad gender!
Enter the number: > 123 456 789
A record added!

Enter action (add, list, search, count, exit): 
> add
Enter the type (person, organization): > organization
Enter the organization name: > PizzaNuts
Enter the address: > Wall St. 6
Enter the number: > +0 (123) 456-781-9999
A record added!

Enter action (add, list, search, count, exit): 
> search
Enter search query: > 789
Found 2 results:
1. Pizza Shop
2. John Smith

Enter action (add, list, search, count, exit): 
> 1
Enter action (add, list, search, count, exit): 
> menu
Enter action (add, list, search, count, exit): 
> exit
]]></system-out>
  <system-err><![CDATA[]]></system-err>
</testsuite>
